<?xml version="1.0" encoding="UTF-8"?>
<robot generator="Robot 4.1.3 (Python 3.10.2 on win32)" generated="20220317 10:38:23.818" rpa="false" schemaversion="2">
<suite id="s1" name="1Verify Vc Suite" source="B:\2.L&amp;T Technology Services InternShip\week 6.Robot framework\robot_framework\login_suite\1verify_vc_suite.robot">
<test id="s1-t1" name="TC_VVCT">
<kw name="Open Browser" library="SeleniumLibrary">
<arg>browser=chrome</arg>
<arg>executable_path=${EXECDIR}${/}driver${/}chromedriver.exe</arg>
<doc>Opens a new browser instance to the optional ``url``.</doc>
<msg timestamp="20220317 10:38:24.063" level="INFO">Opening browser 'chrome' to base url 'None'.</msg>
<status status="PASS" starttime="20220317 10:38:24.063" endtime="20220317 10:38:27.638"/>
</kw>
<kw name="Maximize Browser Window" library="SeleniumLibrary">
<doc>Maximizes current browser window.</doc>
<status status="PASS" starttime="20220317 10:38:27.639" endtime="20220317 10:38:27.768"/>
</kw>
<kw name="Set Selenium Implicit Wait" library="SeleniumLibrary">
<arg>30s</arg>
<doc>Sets the implicit wait value used by Selenium.</doc>
<status status="PASS" starttime="20220317 10:38:27.768" endtime="20220317 10:38:27.768"/>
</kw>
<kw name="Go To" library="SeleniumLibrary">
<arg>url=https://opensource-demo.orangehrmlive.com/</arg>
<doc>Navigates the current browser window to the provided ``url``.</doc>
<msg timestamp="20220317 10:38:27.768" level="INFO">Opening url 'https://opensource-demo.orangehrmlive.com/'</msg>
<status status="PASS" starttime="20220317 10:38:27.768" endtime="20220317 10:38:31.260"/>
</kw>
<kw name="Set Selenium Implicit Wait" library="SeleniumLibrary">
<arg>20s</arg>
<doc>Sets the implicit wait value used by Selenium.</doc>
<status status="PASS" starttime="20220317 10:38:31.260" endtime="20220317 10:38:31.260"/>
</kw>
<kw name="Maximize Browser Window" library="SeleniumLibrary">
<doc>Maximizes current browser window.</doc>
<status status="PASS" starttime="20220317 10:38:31.260" endtime="20220317 10:38:31.268"/>
</kw>
<kw name="Input Text" library="SeleniumLibrary">
<arg>id=txtUsername</arg>
<arg>Admin</arg>
<doc>Types the given ``text`` into the text field identified by ``locator``.</doc>
<msg timestamp="20220317 10:38:31.268" level="INFO">Typing text 'Admin' into text field 'id=txtUsername'.</msg>
<status status="PASS" starttime="20220317 10:38:31.268" endtime="20220317 10:38:31.358"/>
</kw>
<kw name="Input Password" library="SeleniumLibrary">
<arg>id=txtPassword</arg>
<arg>admin123</arg>
<doc>Types the given password into the text field identified by ``locator``.</doc>
<msg timestamp="20220317 10:38:31.358" level="INFO">Typing password into text field 'id=txtPassword'.</msg>
<msg timestamp="20220317 10:38:31.408" level="INFO">Temporally setting log level to: NONE</msg>
<msg timestamp="20220317 10:38:31.438" level="INFO">Log level changed from NONE to INFO.</msg>
<status status="PASS" starttime="20220317 10:38:31.358" endtime="20220317 10:38:31.438"/>
</kw>
<kw name="Click Button" library="SeleniumLibrary">
<arg>id=btnLogin</arg>
<doc>Clicks the button identified by ``locator``.</doc>
<msg timestamp="20220317 10:38:31.438" level="INFO">Clicking button 'id=btnLogin'.</msg>
<status status="PASS" starttime="20220317 10:38:31.438" endtime="20220317 10:38:48.709"/>
</kw>
<kw name="Page Should Contain" library="SeleniumLibrary">
<arg>My Info</arg>
<doc>Verifies that current page contains ``text``.</doc>
<msg timestamp="20220317 10:38:48.738" level="INFO">Current page contains text 'My Info'.</msg>
<status status="PASS" starttime="20220317 10:38:48.709" endtime="20220317 10:38:48.738"/>
</kw>
<kw name="Click Element" library="SeleniumLibrary">
<arg>id=menu_pim_viewMyDetails</arg>
<doc>Click the element identified by ``locator``.</doc>
<msg timestamp="20220317 10:38:48.738" level="INFO">Clicking element 'id=menu_pim_viewMyDetails'.</msg>
<status status="PASS" starttime="20220317 10:38:48.738" endtime="20220317 10:38:50.548"/>
</kw>
<kw name="Click Element" library="SeleniumLibrary">
<arg>id=welcome</arg>
<doc>Click the element identified by ``locator``.</doc>
<msg timestamp="20220317 10:38:50.548" level="INFO">Clicking element 'id=welcome'.</msg>
<status status="PASS" starttime="20220317 10:38:50.548" endtime="20220317 10:38:50.608"/>
</kw>
<kw name="Click Element" library="SeleniumLibrary">
<arg>link=Logout</arg>
<doc>Click the element identified by ``locator``.</doc>
<msg timestamp="20220317 10:38:50.609" level="INFO">Clicking element 'link=Logout'.</msg>
<status status="PASS" starttime="20220317 10:38:50.609" endtime="20220317 10:39:02.850"/>
</kw>
<kw name="Comment" library="BuiltIn">
<arg>done</arg>
<doc>Displays the given messages in the log file as keyword arguments.</doc>
<status status="PASS" starttime="20220317 10:39:02.850" endtime="20220317 10:39:02.850"/>
</kw>
<status status="PASS" starttime="20220317 10:38:24.063" endtime="20220317 10:39:02.850"/>
</test>
<doc>This suite will handle all the test cases related to valid
cradintial text.Test Case-TC_OH_2</doc>
<status status="PASS" starttime="20220317 10:38:23.818" endtime="20220317 10:39:02.850"/>
</suite>
<statistics>
<total>
<stat pass="1" fail="0" skip="0">All Tests</stat>
</total>
<tag>
</tag>
<suite>
<stat pass="1" fail="0" skip="0" id="s1" name="1Verify Vc Suite">1Verify Vc Suite</stat>
</suite>
</statistics>
<errors>
</errors>
</robot>
