<?xml version="1.0" encoding="UTF-8"?>
<robot generator="Robot 4.1.3 (Python 3.10.2 on win32)" generated="20220318 10:45:39.493" rpa="false" schemaversion="2">
<suite id="s1" name="Verify Vc Suite" source="B:\2.L&amp;T Technology Services InternShip\week 6.Robot framework\robot_framework\login_suite\verify_vc_suite.robot">
<test id="s1-t1" name="TC_VC">
<kw name="launch Browser" library="CommonFunctionality" type="SETUP">
<if>
<branch type="IF" condition="'${BROWSER}'=='edge'">
<kw name="Set Local Variable" library="BuiltIn">
<arg>${driver_name}</arg>
<arg>msedgedriver.exe</arg>
<doc>Makes a variable available everywhere within the local scope.</doc>
<msg timestamp="20220318 10:45:39.744" level="INFO">${driver_name} = msedgedriver.exe</msg>
<status status="PASS" starttime="20220318 10:45:39.743" endtime="20220318 10:45:39.744"/>
</kw>
<status status="PASS" starttime="20220318 10:45:39.743" endtime="20220318 10:45:39.744"/>
</branch>
<branch type="ELSE IF" condition="'${BROWSER}'== 'ff'">
<kw name="Set Local Variable" library="BuiltIn">
<arg>${driver_name}</arg>
<arg>geckodriver.exe</arg>
<doc>Makes a variable available everywhere within the local scope.</doc>
<status status="NOT RUN" starttime="20220318 10:45:39.744" endtime="20220318 10:45:39.744"/>
</kw>
<status status="NOT RUN" starttime="20220318 10:45:39.744" endtime="20220318 10:45:39.744"/>
</branch>
<branch type="ELSE">
<kw name="Set Local Variable" library="BuiltIn">
<arg>${driver_name}</arg>
<arg>chromedriver.exe</arg>
<doc>Makes a variable available everywhere within the local scope.</doc>
<status status="NOT RUN" starttime="20220318 10:45:39.744" endtime="20220318 10:45:39.744"/>
</kw>
<status status="NOT RUN" starttime="20220318 10:45:39.744" endtime="20220318 10:45:39.744"/>
</branch>
<status status="PASS" starttime="20220318 10:45:39.743" endtime="20220318 10:45:39.744"/>
</if>
<kw name="Open Browser" library="SeleniumLibrary">
<arg>browser=${BROWSER}</arg>
<arg>executable_path=${EXECDIR}${/}driver${/}${driver_name}</arg>
<doc>Opens a new browser instance to the optional ``url``.</doc>
<msg timestamp="20220318 10:45:39.745" level="INFO">Opening browser 'edge' to base url 'None'.</msg>
<status status="PASS" starttime="20220318 10:45:39.744" endtime="20220318 10:45:42.227"/>
</kw>
<kw name="Maximize Browser Window" library="SeleniumLibrary">
<doc>Maximizes current browser window.</doc>
<status status="PASS" starttime="20220318 10:45:42.227" endtime="20220318 10:45:42.354"/>
</kw>
<kw name="Set Selenium Implicit Wait" library="SeleniumLibrary">
<arg>30s</arg>
<doc>Sets the implicit wait value used by Selenium.</doc>
<status status="PASS" starttime="20220318 10:45:42.355" endtime="20220318 10:45:42.360"/>
</kw>
<kw name="Go To" library="SeleniumLibrary">
<arg>url=${URL}</arg>
<doc>Navigates the current browser window to the provided ``url``.</doc>
<msg timestamp="20220318 10:45:42.362" level="INFO">Opening url 'https://opensource-demo.orangehrmlive.com/'</msg>
<status status="PASS" starttime="20220318 10:45:42.361" endtime="20220318 10:45:46.925"/>
</kw>
<kw name="Set Screenshot Directory" library="SeleniumLibrary">
<arg>${EXECDIR}${/}screenshot</arg>
<doc>Sets the directory for captured screenshots.</doc>
<msg timestamp="20220318 10:45:46.926" level="WARN">Keyword 'Set Screenshot Directory' found both from a custom test library 'SeleniumLibrary' and a standard library 'Screenshot'. The custom keyword is used. To select explicitly, and to get rid of this warning, use either 'SeleniumLibrary.Set Screenshot Directory' or 'Screenshot.Set Screenshot Directory'.</msg>
<status status="PASS" starttime="20220318 10:45:46.926" endtime="20220318 10:45:46.927"/>
</kw>
<kw name="Maximize Browser Window" library="SeleniumLibrary">
<doc>Maximizes current browser window.</doc>
<status status="PASS" starttime="20220318 10:45:46.927" endtime="20220318 10:45:46.929"/>
</kw>
<status status="PASS" starttime="20220318 10:45:39.742" endtime="20220318 10:45:46.930"/>
</kw>
<kw name="Input Text" library="SeleniumLibrary">
<arg>id=txtUsername</arg>
<arg>Admin</arg>
<doc>Types the given ``text`` into the text field identified by ``locator``.</doc>
<msg timestamp="20220318 10:45:46.930" level="INFO">Typing text 'Admin' into text field 'id=txtUsername'.</msg>
<status status="PASS" starttime="20220318 10:45:46.930" endtime="20220318 10:45:47.011"/>
</kw>
<kw name="Input Password" library="SeleniumLibrary">
<arg>id=txtPassword</arg>
<arg>admin123</arg>
<doc>Types the given password into the text field identified by ``locator``.</doc>
<msg timestamp="20220318 10:45:47.012" level="INFO">Typing password into text field 'id=txtPassword'.</msg>
<msg timestamp="20220318 10:45:47.050" level="INFO">Temporally setting log level to: NONE</msg>
<msg timestamp="20220318 10:45:47.105" level="INFO">Log level changed from NONE to INFO.</msg>
<status status="PASS" starttime="20220318 10:45:47.011" endtime="20220318 10:45:47.105"/>
</kw>
<kw name="Click Button" library="SeleniumLibrary">
<arg>id=btnLogin</arg>
<doc>Clicks the button identified by ``locator``.</doc>
<msg timestamp="20220318 10:45:47.106" level="INFO">Clicking button 'id=btnLogin'.</msg>
<status status="PASS" starttime="20220318 10:45:47.106" endtime="20220318 10:45:50.753"/>
</kw>
<kw name="Page Should Contain" library="SeleniumLibrary">
<arg>My Info</arg>
<doc>Verifies that current page contains ``text``.</doc>
<msg timestamp="20220318 10:45:50.769" level="INFO">Current page contains text 'My Info'.</msg>
<status status="PASS" starttime="20220318 10:45:50.754" endtime="20220318 10:45:50.770"/>
</kw>
<kw name="Click Element" library="SeleniumLibrary">
<arg>id=menu_pim_viewMyDetails</arg>
<doc>Click the element identified by ``locator``.</doc>
<msg timestamp="20220318 10:45:50.770" level="INFO">Clicking element 'id=menu_pim_viewMyDetails'.</msg>
<status status="PASS" starttime="20220318 10:45:50.770" endtime="20220318 10:45:55.144"/>
</kw>
<kw name="Click Element" library="SeleniumLibrary">
<arg>id=welcome</arg>
<doc>Click the element identified by ``locator``.</doc>
<msg timestamp="20220318 10:45:55.145" level="INFO">Clicking element 'id=welcome'.</msg>
<status status="PASS" starttime="20220318 10:45:55.144" endtime="20220318 10:45:55.195"/>
</kw>
<kw name="Click Element" library="SeleniumLibrary">
<arg>link=Logout</arg>
<doc>Click the element identified by ``locator``.</doc>
<msg timestamp="20220318 10:45:55.195" level="INFO">Clicking element 'link=Logout'.</msg>
<status status="PASS" starttime="20220318 10:45:55.195" endtime="20220318 10:46:05.530"/>
</kw>
<kw name="Capture Page Screenshot" library="SeleniumLibrary">
<doc>Takes a screenshot of the current page and embeds it into a log file.</doc>
<msg timestamp="20220318 10:46:18.926" level="INFO" html="true">&lt;/td&gt;&lt;/tr&gt;&lt;tr&gt;&lt;td colspan="3"&gt;&lt;a href="screenshot/selenium-screenshot-2.png"&gt;&lt;img src="screenshot/selenium-screenshot-2.png" width="800px"&gt;&lt;/a&gt;</msg>
<status status="PASS" starttime="20220318 10:46:05.531" endtime="20220318 10:46:18.926"/>
</kw>
<kw name="Close Browser" library="SeleniumLibrary" type="TEARDOWN">
<doc>Closes the current browser.</doc>
<status status="PASS" starttime="20220318 10:46:18.927" endtime="20220318 10:46:22.019"/>
</kw>
<status status="PASS" starttime="20220318 10:45:39.741" endtime="20220318 10:46:22.020"/>
</test>
<doc>This suite will handle all the test cases related to valid
cradintial text.Test Case-TC_OH_2</doc>
<status status="PASS" starttime="20220318 10:45:39.495" endtime="20220318 10:46:22.021"/>
</suite>
<statistics>
<total>
<stat pass="1" fail="0" skip="0">All Tests</stat>
</total>
<tag>
</tag>
<suite>
<stat pass="1" fail="0" skip="0" id="s1" name="Verify Vc Suite">Verify Vc Suite</stat>
</suite>
</statistics>
<errors>
<msg timestamp="20220318 10:45:46.926" level="WARN">Keyword 'Set Screenshot Directory' found both from a custom test library 'SeleniumLibrary' and a standard library 'Screenshot'. The custom keyword is used. To select explicitly, and to get rid of this warning, use either 'SeleniumLibrary.Set Screenshot Directory' or 'Screenshot.Set Screenshot Directory'.</msg>
</errors>
</robot>
