<?xml version="1.0" encoding="UTF-8"?>
<robot generator="Robot 4.1.3 (Python 3.10.2 on win32)" generated="20220317 16:55:43.198" rpa="false" schemaversion="2">
<suite id="s1" name="Verify Emergency Suite" source="B:\2.L&amp;T Technology Services InternShip\week 6.Robot framework\robot_framework\my_info_suite\verify_emergency_suite.robot">
<test id="s1-t1" name="TC1">
<kw name="launch Browser" library="CommonFunctionality" type="SETUP">
<kw name="Open Browser" library="SeleniumLibrary">
<arg>browser=${BROWSER}</arg>
<arg>executable_path=${EXECDIR}${/}driver${/}chromedriver.exe</arg>
<doc>Opens a new browser instance to the optional ``url``.</doc>
<msg timestamp="20220317 16:55:44.183" level="INFO">Opening browser 'chrome' to base url 'None'.</msg>
<status status="PASS" starttime="20220317 16:55:44.182" endtime="20220317 16:55:46.478"/>
</kw>
<kw name="Maximize Browser Window" library="SeleniumLibrary">
<doc>Maximizes current browser window.</doc>
<status status="PASS" starttime="20220317 16:55:46.478" endtime="20220317 16:55:46.606"/>
</kw>
<kw name="Set Selenium Implicit Wait" library="SeleniumLibrary">
<arg>30s</arg>
<doc>Sets the implicit wait value used by Selenium.</doc>
<status status="PASS" starttime="20220317 16:55:46.606" endtime="20220317 16:55:46.608"/>
</kw>
<kw name="Go To" library="SeleniumLibrary">
<arg>url=${URL}</arg>
<doc>Navigates the current browser window to the provided ``url``.</doc>
<msg timestamp="20220317 16:55:46.608" level="INFO">Opening url 'https://opensource-demo.orangehrmlive.com/'</msg>
<status status="PASS" starttime="20220317 16:55:46.608" endtime="20220317 16:55:50.765"/>
</kw>
<kw name="Maximize Browser Window" library="SeleniumLibrary">
<doc>Maximizes current browser window.</doc>
<status status="PASS" starttime="20220317 16:55:50.765" endtime="20220317 16:55:50.771"/>
</kw>
<status status="PASS" starttime="20220317 16:55:44.182" endtime="20220317 16:55:50.771"/>
</kw>
<kw name="TC Emergency Template">
<arg>Admin</arg>
<arg>admin123</arg>
<arg>ram</arg>
<arg>ealder Brother</arg>
<arg>8919210210</arg>
<kw name="Input Text" library="SeleniumLibrary">
<arg>id=txtUsername</arg>
<arg>${UNAME}</arg>
<doc>Types the given ``text`` into the text field identified by ``locator``.</doc>
<msg timestamp="20220317 16:55:50.773" level="INFO">Typing text 'Admin' into text field 'id=txtUsername'.</msg>
<status status="PASS" starttime="20220317 16:55:50.773" endtime="20220317 16:55:50.858"/>
</kw>
<kw name="Input Password" library="SeleniumLibrary">
<arg>id=txtPassword</arg>
<arg>${PASSWORD}</arg>
<doc>Types the given password into the text field identified by ``locator``.</doc>
<msg timestamp="20220317 16:55:50.858" level="INFO">Typing password into text field 'id=txtPassword'.</msg>
<msg timestamp="20220317 16:55:50.902" level="INFO">Temporally setting log level to: NONE</msg>
<msg timestamp="20220317 16:55:50.943" level="INFO">Log level changed from NONE to INFO.</msg>
<status status="PASS" starttime="20220317 16:55:50.858" endtime="20220317 16:55:50.943"/>
</kw>
<kw name="Click Button" library="SeleniumLibrary">
<arg>id=btnLogin</arg>
<doc>Clicks the button identified by ``locator``.</doc>
<msg timestamp="20220317 16:55:50.943" level="INFO">Clicking button 'id=btnLogin'.</msg>
<status status="PASS" starttime="20220317 16:55:50.943" endtime="20220317 16:56:08.396"/>
</kw>
<kw name="Click Element" library="SeleniumLibrary">
<arg>id=menu_pim_viewMyDetails</arg>
<doc>Click the element identified by ``locator``.</doc>
<msg timestamp="20220317 16:56:08.397" level="INFO">Clicking element 'id=menu_pim_viewMyDetails'.</msg>
<status status="PASS" starttime="20220317 16:56:08.397" endtime="20220317 16:56:10.175"/>
</kw>
<kw name="Click Element" library="SeleniumLibrary">
<arg>link=Emergency Contacts</arg>
<doc>Click the element identified by ``locator``.</doc>
<msg timestamp="20220317 16:56:10.175" level="INFO">Clicking element 'link=Emergency Contacts'.</msg>
<status status="PASS" starttime="20220317 16:56:10.175" endtime="20220317 16:56:11.242"/>
</kw>
<kw name="Click Element" library="SeleniumLibrary">
<arg>id=btnAddContact</arg>
<doc>Click the element identified by ``locator``.</doc>
<msg timestamp="20220317 16:56:11.243" level="INFO">Clicking element 'id=btnAddContact'.</msg>
<status status="PASS" starttime="20220317 16:56:11.243" endtime="20220317 16:56:11.316"/>
</kw>
<kw name="Input Text" library="SeleniumLibrary">
<arg>id=emgcontacts_name</arg>
<arg>${ENAME}</arg>
<doc>Types the given ``text`` into the text field identified by ``locator``.</doc>
<msg timestamp="20220317 16:56:11.317" level="INFO">Typing text 'ram' into text field 'id=emgcontacts_name'.</msg>
<status status="PASS" starttime="20220317 16:56:11.317" endtime="20220317 16:56:11.411"/>
</kw>
<kw name="Input Text" library="SeleniumLibrary">
<arg>id=emgcontacts_relationship</arg>
<arg>${RELATION}</arg>
<doc>Types the given ``text`` into the text field identified by ``locator``.</doc>
<msg timestamp="20220317 16:56:11.412" level="INFO">Typing text 'ealder Brother' into text field 'id=emgcontacts_relationship'.</msg>
<status status="PASS" starttime="20220317 16:56:11.411" endtime="20220317 16:56:11.530"/>
</kw>
<kw name="Input Text" library="SeleniumLibrary">
<arg>id=emgcontacts_homePhone</arg>
<arg>${PHONE}</arg>
<doc>Types the given ``text`` into the text field identified by ``locator``.</doc>
<msg timestamp="20220317 16:56:11.531" level="INFO">Typing text '8919210210' into text field 'id=emgcontacts_homePhone'.</msg>
<status status="PASS" starttime="20220317 16:56:11.530" endtime="20220317 16:56:11.642"/>
</kw>
<kw name="Click Button" library="SeleniumLibrary">
<arg>id=btnSaveEContact</arg>
<doc>Clicks the button identified by ``locator``.</doc>
<msg timestamp="20220317 16:56:11.642" level="INFO">Clicking button 'id=btnSaveEContact'.</msg>
<status status="PASS" starttime="20220317 16:56:11.642" endtime="20220317 16:56:13.229"/>
</kw>
<kw name="Table Should Contain" library="SeleniumLibrary">
<arg>id=emgcontact_list</arg>
<arg>${ENAME}</arg>
<doc>Verifies table contains text ``expected``.</doc>
<status status="PASS" starttime="20220317 16:56:13.229" endtime="20220317 16:56:13.475"/>
</kw>
<kw name="Table Should Contain" library="SeleniumLibrary">
<arg>id=emgcontact_list</arg>
<arg>${RELATION}</arg>
<doc>Verifies table contains text ``expected``.</doc>
<status status="PASS" starttime="20220317 16:56:13.475" endtime="20220317 16:56:13.650"/>
</kw>
<kw name="Table Should Contain" library="SeleniumLibrary">
<arg>id=emgcontact_list</arg>
<arg>${PHONE}</arg>
<doc>Verifies table contains text ``expected``.</doc>
<status status="PASS" starttime="20220317 16:56:13.650" endtime="20220317 16:56:13.818"/>
</kw>
<status status="PASS" starttime="20220317 16:55:50.772" endtime="20220317 16:56:13.819"/>
</kw>
<kw name="Close Browser" library="SeleniumLibrary" type="TEARDOWN">
<doc>Closes the current browser.</doc>
<status status="PASS" starttime="20220317 16:56:13.819" endtime="20220317 16:56:16.003"/>
</kw>
<status status="PASS" starttime="20220317 16:55:44.180" endtime="20220317 16:56:16.005"/>
</test>
<test id="s1-t2" name="TC1">
<kw name="launch Browser" library="CommonFunctionality" type="SETUP">
<kw name="Open Browser" library="SeleniumLibrary">
<arg>browser=${BROWSER}</arg>
<arg>executable_path=${EXECDIR}${/}driver${/}chromedriver.exe</arg>
<doc>Opens a new browser instance to the optional ``url``.</doc>
<msg timestamp="20220317 16:56:16.024" level="INFO">Opening browser 'chrome' to base url 'None'.</msg>
<status status="PASS" starttime="20220317 16:56:16.022" endtime="20220317 16:56:18.298"/>
</kw>
<kw name="Maximize Browser Window" library="SeleniumLibrary">
<doc>Maximizes current browser window.</doc>
<status status="PASS" starttime="20220317 16:56:18.299" endtime="20220317 16:56:18.427"/>
</kw>
<kw name="Set Selenium Implicit Wait" library="SeleniumLibrary">
<arg>30s</arg>
<doc>Sets the implicit wait value used by Selenium.</doc>
<status status="PASS" starttime="20220317 16:56:18.427" endtime="20220317 16:56:18.428"/>
</kw>
<kw name="Go To" library="SeleniumLibrary">
<arg>url=${URL}</arg>
<doc>Navigates the current browser window to the provided ``url``.</doc>
<msg timestamp="20220317 16:56:18.428" level="INFO">Opening url 'https://opensource-demo.orangehrmlive.com/'</msg>
<status status="PASS" starttime="20220317 16:56:18.428" endtime="20220317 16:56:22.363"/>
</kw>
<kw name="Maximize Browser Window" library="SeleniumLibrary">
<doc>Maximizes current browser window.</doc>
<status status="PASS" starttime="20220317 16:56:22.363" endtime="20220317 16:56:22.365"/>
</kw>
<status status="PASS" starttime="20220317 16:56:16.019" endtime="20220317 16:56:22.365"/>
</kw>
<kw name="TC Emergency Template">
<arg>Admin</arg>
<arg>admin123</arg>
<arg>raja</arg>
<arg>Caption</arg>
<arg>8919420420</arg>
<kw name="Input Text" library="SeleniumLibrary">
<arg>id=txtUsername</arg>
<arg>${UNAME}</arg>
<doc>Types the given ``text`` into the text field identified by ``locator``.</doc>
<msg timestamp="20220317 16:56:22.367" level="INFO">Typing text 'Admin' into text field 'id=txtUsername'.</msg>
<status status="PASS" starttime="20220317 16:56:22.366" endtime="20220317 16:56:22.451"/>
</kw>
<kw name="Input Password" library="SeleniumLibrary">
<arg>id=txtPassword</arg>
<arg>${PASSWORD}</arg>
<doc>Types the given password into the text field identified by ``locator``.</doc>
<msg timestamp="20220317 16:56:22.451" level="INFO">Typing password into text field 'id=txtPassword'.</msg>
<msg timestamp="20220317 16:56:22.501" level="INFO">Temporally setting log level to: NONE</msg>
<msg timestamp="20220317 16:56:22.542" level="INFO">Log level changed from NONE to INFO.</msg>
<status status="PASS" starttime="20220317 16:56:22.451" endtime="20220317 16:56:22.542"/>
</kw>
<kw name="Click Button" library="SeleniumLibrary">
<arg>id=btnLogin</arg>
<doc>Clicks the button identified by ``locator``.</doc>
<msg timestamp="20220317 16:56:22.543" level="INFO">Clicking button 'id=btnLogin'.</msg>
<status status="PASS" starttime="20220317 16:56:22.542" endtime="20220317 16:56:39.812"/>
</kw>
<kw name="Click Element" library="SeleniumLibrary">
<arg>id=menu_pim_viewMyDetails</arg>
<doc>Click the element identified by ``locator``.</doc>
<msg timestamp="20220317 16:56:39.813" level="INFO">Clicking element 'id=menu_pim_viewMyDetails'.</msg>
<status status="PASS" starttime="20220317 16:56:39.813" endtime="20220317 16:56:41.510"/>
</kw>
<kw name="Click Element" library="SeleniumLibrary">
<arg>link=Emergency Contacts</arg>
<doc>Click the element identified by ``locator``.</doc>
<msg timestamp="20220317 16:56:41.511" level="INFO">Clicking element 'link=Emergency Contacts'.</msg>
<status status="PASS" starttime="20220317 16:56:41.511" endtime="20220317 16:56:42.694"/>
</kw>
<kw name="Click Element" library="SeleniumLibrary">
<arg>id=btnAddContact</arg>
<doc>Click the element identified by ``locator``.</doc>
<msg timestamp="20220317 16:56:42.695" level="INFO">Clicking element 'id=btnAddContact'.</msg>
<status status="PASS" starttime="20220317 16:56:42.695" endtime="20220317 16:56:42.768"/>
</kw>
<kw name="Input Text" library="SeleniumLibrary">
<arg>id=emgcontacts_name</arg>
<arg>${ENAME}</arg>
<doc>Types the given ``text`` into the text field identified by ``locator``.</doc>
<msg timestamp="20220317 16:56:42.768" level="INFO">Typing text 'raja' into text field 'id=emgcontacts_name'.</msg>
<status status="PASS" starttime="20220317 16:56:42.768" endtime="20220317 16:56:42.862"/>
</kw>
<kw name="Input Text" library="SeleniumLibrary">
<arg>id=emgcontacts_relationship</arg>
<arg>${RELATION}</arg>
<doc>Types the given ``text`` into the text field identified by ``locator``.</doc>
<msg timestamp="20220317 16:56:42.862" level="INFO">Typing text 'Caption' into text field 'id=emgcontacts_relationship'.</msg>
<status status="PASS" starttime="20220317 16:56:42.862" endtime="20220317 16:56:42.955"/>
</kw>
<kw name="Input Text" library="SeleniumLibrary">
<arg>id=emgcontacts_homePhone</arg>
<arg>${PHONE}</arg>
<doc>Types the given ``text`` into the text field identified by ``locator``.</doc>
<msg timestamp="20220317 16:56:42.955" level="INFO">Typing text '8919420420' into text field 'id=emgcontacts_homePhone'.</msg>
<status status="PASS" starttime="20220317 16:56:42.955" endtime="20220317 16:56:43.065"/>
</kw>
<kw name="Click Button" library="SeleniumLibrary">
<arg>id=btnSaveEContact</arg>
<doc>Clicks the button identified by ``locator``.</doc>
<msg timestamp="20220317 16:56:43.065" level="INFO">Clicking button 'id=btnSaveEContact'.</msg>
<status status="PASS" starttime="20220317 16:56:43.065" endtime="20220317 16:56:44.567"/>
</kw>
<kw name="Table Should Contain" library="SeleniumLibrary">
<arg>id=emgcontact_list</arg>
<arg>${ENAME}</arg>
<doc>Verifies table contains text ``expected``.</doc>
<status status="PASS" starttime="20220317 16:56:44.567" endtime="20220317 16:56:44.814"/>
</kw>
<kw name="Table Should Contain" library="SeleniumLibrary">
<arg>id=emgcontact_list</arg>
<arg>${RELATION}</arg>
<doc>Verifies table contains text ``expected``.</doc>
<status status="PASS" starttime="20220317 16:56:44.814" endtime="20220317 16:56:44.982"/>
</kw>
<kw name="Table Should Contain" library="SeleniumLibrary">
<arg>id=emgcontact_list</arg>
<arg>${PHONE}</arg>
<doc>Verifies table contains text ``expected``.</doc>
<status status="PASS" starttime="20220317 16:56:44.982" endtime="20220317 16:56:45.161"/>
</kw>
<status status="PASS" starttime="20220317 16:56:22.366" endtime="20220317 16:56:45.161"/>
</kw>
<kw name="Close Browser" library="SeleniumLibrary" type="TEARDOWN">
<doc>Closes the current browser.</doc>
<status status="PASS" starttime="20220317 16:56:45.162" endtime="20220317 16:56:47.323"/>
</kw>
<status status="PASS" starttime="20220317 16:56:16.013" endtime="20220317 16:56:47.324"/>
</test>
<test id="s1-t3" name="TC1">
<kw name="launch Browser" library="CommonFunctionality" type="SETUP">
<kw name="Open Browser" library="SeleniumLibrary">
<arg>browser=${BROWSER}</arg>
<arg>executable_path=${EXECDIR}${/}driver${/}chromedriver.exe</arg>
<doc>Opens a new browser instance to the optional ``url``.</doc>
<msg timestamp="20220317 16:56:47.337" level="INFO">Opening browser 'chrome' to base url 'None'.</msg>
<status status="PASS" starttime="20220317 16:56:47.336" endtime="20220317 16:56:49.480"/>
</kw>
<kw name="Maximize Browser Window" library="SeleniumLibrary">
<doc>Maximizes current browser window.</doc>
<status status="PASS" starttime="20220317 16:56:49.480" endtime="20220317 16:56:49.601"/>
</kw>
<kw name="Set Selenium Implicit Wait" library="SeleniumLibrary">
<arg>30s</arg>
<doc>Sets the implicit wait value used by Selenium.</doc>
<status status="PASS" starttime="20220317 16:56:49.601" endtime="20220317 16:56:49.602"/>
</kw>
<kw name="Go To" library="SeleniumLibrary">
<arg>url=${URL}</arg>
<doc>Navigates the current browser window to the provided ``url``.</doc>
<msg timestamp="20220317 16:56:49.603" level="INFO">Opening url 'https://opensource-demo.orangehrmlive.com/'</msg>
<status status="PASS" starttime="20220317 16:56:49.602" endtime="20220317 16:56:54.243"/>
</kw>
<kw name="Maximize Browser Window" library="SeleniumLibrary">
<doc>Maximizes current browser window.</doc>
<status status="PASS" starttime="20220317 16:56:54.244" endtime="20220317 16:56:54.249"/>
</kw>
<status status="PASS" starttime="20220317 16:56:47.335" endtime="20220317 16:56:54.249"/>
</kw>
<kw name="TC Emergency Template">
<arg>Admin</arg>
<arg>admin123</arg>
<arg>rao</arg>
<arg>Younger Brother</arg>
<arg>8919840840</arg>
<kw name="Input Text" library="SeleniumLibrary">
<arg>id=txtUsername</arg>
<arg>${UNAME}</arg>
<doc>Types the given ``text`` into the text field identified by ``locator``.</doc>
<msg timestamp="20220317 16:56:54.250" level="INFO">Typing text 'Admin' into text field 'id=txtUsername'.</msg>
<status status="PASS" starttime="20220317 16:56:54.250" endtime="20220317 16:56:54.335"/>
</kw>
<kw name="Input Password" library="SeleniumLibrary">
<arg>id=txtPassword</arg>
<arg>${PASSWORD}</arg>
<doc>Types the given password into the text field identified by ``locator``.</doc>
<msg timestamp="20220317 16:56:54.336" level="INFO">Typing password into text field 'id=txtPassword'.</msg>
<msg timestamp="20220317 16:56:54.382" level="INFO">Temporally setting log level to: NONE</msg>
<msg timestamp="20220317 16:56:54.424" level="INFO">Log level changed from NONE to INFO.</msg>
<status status="PASS" starttime="20220317 16:56:54.335" endtime="20220317 16:56:54.424"/>
</kw>
<kw name="Click Button" library="SeleniumLibrary">
<arg>id=btnLogin</arg>
<doc>Clicks the button identified by ``locator``.</doc>
<msg timestamp="20220317 16:56:54.424" level="INFO">Clicking button 'id=btnLogin'.</msg>
<status status="PASS" starttime="20220317 16:56:54.424" endtime="20220317 16:57:11.715"/>
</kw>
<kw name="Click Element" library="SeleniumLibrary">
<arg>id=menu_pim_viewMyDetails</arg>
<doc>Click the element identified by ``locator``.</doc>
<msg timestamp="20220317 16:57:11.716" level="INFO">Clicking element 'id=menu_pim_viewMyDetails'.</msg>
<status status="PASS" starttime="20220317 16:57:11.716" endtime="20220317 16:57:14.227"/>
</kw>
<kw name="Click Element" library="SeleniumLibrary">
<arg>link=Emergency Contacts</arg>
<doc>Click the element identified by ``locator``.</doc>
<msg timestamp="20220317 16:57:14.228" level="INFO">Clicking element 'link=Emergency Contacts'.</msg>
<status status="PASS" starttime="20220317 16:57:14.228" endtime="20220317 16:57:15.342"/>
</kw>
<kw name="Click Element" library="SeleniumLibrary">
<arg>id=btnAddContact</arg>
<doc>Click the element identified by ``locator``.</doc>
<msg timestamp="20220317 16:57:15.343" level="INFO">Clicking element 'id=btnAddContact'.</msg>
<status status="PASS" starttime="20220317 16:57:15.342" endtime="20220317 16:57:15.421"/>
</kw>
<kw name="Input Text" library="SeleniumLibrary">
<arg>id=emgcontacts_name</arg>
<arg>${ENAME}</arg>
<doc>Types the given ``text`` into the text field identified by ``locator``.</doc>
<msg timestamp="20220317 16:57:15.422" level="INFO">Typing text 'rao' into text field 'id=emgcontacts_name'.</msg>
<status status="PASS" starttime="20220317 16:57:15.421" endtime="20220317 16:57:15.507"/>
</kw>
<kw name="Input Text" library="SeleniumLibrary">
<arg>id=emgcontacts_relationship</arg>
<arg>${RELATION}</arg>
<doc>Types the given ``text`` into the text field identified by ``locator``.</doc>
<msg timestamp="20220317 16:57:15.508" level="INFO">Typing text 'Younger Brother' into text field 'id=emgcontacts_relationship'.</msg>
<status status="PASS" starttime="20220317 16:57:15.507" endtime="20220317 16:57:15.632"/>
</kw>
<kw name="Input Text" library="SeleniumLibrary">
<arg>id=emgcontacts_homePhone</arg>
<arg>${PHONE}</arg>
<doc>Types the given ``text`` into the text field identified by ``locator``.</doc>
<msg timestamp="20220317 16:57:15.632" level="INFO">Typing text '8919840840' into text field 'id=emgcontacts_homePhone'.</msg>
<status status="PASS" starttime="20220317 16:57:15.632" endtime="20220317 16:57:15.750"/>
</kw>
<kw name="Click Button" library="SeleniumLibrary">
<arg>id=btnSaveEContact</arg>
<doc>Clicks the button identified by ``locator``.</doc>
<msg timestamp="20220317 16:57:15.750" level="INFO">Clicking button 'id=btnSaveEContact'.</msg>
<status status="PASS" starttime="20220317 16:57:15.750" endtime="20220317 16:57:17.167"/>
</kw>
<kw name="Table Should Contain" library="SeleniumLibrary">
<arg>id=emgcontact_list</arg>
<arg>${ENAME}</arg>
<doc>Verifies table contains text ``expected``.</doc>
<status status="PASS" starttime="20220317 16:57:17.167" endtime="20220317 16:57:17.440"/>
</kw>
<kw name="Table Should Contain" library="SeleniumLibrary">
<arg>id=emgcontact_list</arg>
<arg>${RELATION}</arg>
<doc>Verifies table contains text ``expected``.</doc>
<status status="PASS" starttime="20220317 16:57:17.440" endtime="20220317 16:57:17.647"/>
</kw>
<kw name="Table Should Contain" library="SeleniumLibrary">
<arg>id=emgcontact_list</arg>
<arg>${PHONE}</arg>
<doc>Verifies table contains text ``expected``.</doc>
<status status="PASS" starttime="20220317 16:57:17.647" endtime="20220317 16:57:17.840"/>
</kw>
<status status="PASS" starttime="20220317 16:56:54.250" endtime="20220317 16:57:17.840"/>
</kw>
<kw name="Close Browser" library="SeleniumLibrary" type="TEARDOWN">
<doc>Closes the current browser.</doc>
<status status="PASS" starttime="20220317 16:57:17.840" endtime="20220317 16:57:20.008"/>
</kw>
<status status="PASS" starttime="20220317 16:56:47.330" endtime="20220317 16:57:20.009"/>
</test>
<doc>This suite will handle all the test cases related to in valid
cradintial text.Test Case-TC_OH_2</doc>
<status status="PASS" starttime="20220317 16:55:43.200" endtime="20220317 16:57:20.011"/>
</suite>
<statistics>
<total>
<stat pass="3" fail="0" skip="0">All Tests</stat>
</total>
<tag>
</tag>
<suite>
<stat pass="3" fail="0" skip="0" id="s1" name="Verify Emergency Suite">Verify Emergency Suite</stat>
</suite>
</statistics>
<errors>
<msg timestamp="20220317 16:56:16.010" level="WARN">Multiple test cases with name 'TC1' executed in test suite 'Verify Emergency Suite'.</msg>
<msg timestamp="20220317 16:56:47.328" level="WARN">Multiple test cases with name 'TC1' executed in test suite 'Verify Emergency Suite'.</msg>
</errors>
</robot>
