<?xml version="1.0" encoding="UTF-8"?>
<robot generator="Robot 4.1.3 (Python 3.10.2 on win32)" generated="20220318 11:05:08.735" rpa="false" schemaversion="2">
<suite id="s1" name="Verify Vc Suite" source="B:\2.L&amp;T Technology Services InternShip\week 6.Robot framework\robot_framework\login_suite\verify_vc_suite.robot">
<test id="s1-t1" name="TC_VC">
<kw name="launch Browser" library="CommonFunctionality" type="SETUP">
<if>
<branch type="IF" condition="'${BROWSER}'=='edge'">
<kw name="Set Local Variable" library="BuiltIn">
<arg>${driver_name}</arg>
<arg>msedgedriver.exe</arg>
<doc>Makes a variable available everywhere within the local scope.</doc>
<msg timestamp="20220318 11:05:08.987" level="INFO">${driver_name} = msedgedriver.exe</msg>
<status status="PASS" starttime="20220318 11:05:08.986" endtime="20220318 11:05:08.987"/>
</kw>
<status status="PASS" starttime="20220318 11:05:08.986" endtime="20220318 11:05:08.987"/>
</branch>
<branch type="ELSE IF" condition="'${BROWSER}'== 'ff'">
<kw name="Set Local Variable" library="BuiltIn">
<arg>${driver_name}</arg>
<arg>geckodriver.exe</arg>
<doc>Makes a variable available everywhere within the local scope.</doc>
<status status="NOT RUN" starttime="20220318 11:05:08.987" endtime="20220318 11:05:08.987"/>
</kw>
<status status="NOT RUN" starttime="20220318 11:05:08.987" endtime="20220318 11:05:08.987"/>
</branch>
<branch type="ELSE">
<kw name="Set Local Variable" library="BuiltIn">
<arg>${driver_name}</arg>
<arg>chromedriver.exe</arg>
<doc>Makes a variable available everywhere within the local scope.</doc>
<status status="NOT RUN" starttime="20220318 11:05:08.987" endtime="20220318 11:05:08.987"/>
</kw>
<status status="NOT RUN" starttime="20220318 11:05:08.987" endtime="20220318 11:05:08.987"/>
</branch>
<status status="PASS" starttime="20220318 11:05:08.986" endtime="20220318 11:05:08.987"/>
</if>
<kw name="Open Browser" library="SeleniumLibrary">
<arg>browser=${BROWSER}</arg>
<arg>executable_path=${EXECDIR}${/}driver${/}${driver_name}</arg>
<doc>Opens a new browser instance to the optional ``url``.</doc>
<msg timestamp="20220318 11:05:08.988" level="INFO">Opening browser 'edge' to base url 'None'.</msg>
<status status="PASS" starttime="20220318 11:05:08.987" endtime="20220318 11:05:11.502"/>
</kw>
<kw name="Maximize Browser Window" library="SeleniumLibrary">
<doc>Maximizes current browser window.</doc>
<status status="PASS" starttime="20220318 11:05:11.502" endtime="20220318 11:05:11.619"/>
</kw>
<kw name="Set Selenium Implicit Wait" library="SeleniumLibrary">
<arg>30s</arg>
<doc>Sets the implicit wait value used by Selenium.</doc>
<status status="PASS" starttime="20220318 11:05:11.620" endtime="20220318 11:05:11.622"/>
</kw>
<kw name="Go To" library="SeleniumLibrary">
<arg>url=${URL}</arg>
<doc>Navigates the current browser window to the provided ``url``.</doc>
<msg timestamp="20220318 11:05:11.622" level="INFO">Opening url 'https://opensource-demo.orangehrmlive.com/'</msg>
<status status="PASS" starttime="20220318 11:05:11.622" endtime="20220318 11:05:20.148"/>
</kw>
<kw name="Set Screenshot Directory" library="SeleniumLibrary">
<arg>${EXECDIR}${/}screenshot</arg>
<doc>Sets the directory for captured screenshots.</doc>
<msg timestamp="20220318 11:05:20.148" level="WARN">Keyword 'Set Screenshot Directory' found both from a custom test library 'SeleniumLibrary' and a standard library 'Screenshot'. The custom keyword is used. To select explicitly, and to get rid of this warning, use either 'SeleniumLibrary.Set Screenshot Directory' or 'Screenshot.Set Screenshot Directory'.</msg>
<status status="PASS" starttime="20220318 11:05:20.148" endtime="20220318 11:05:20.149"/>
</kw>
<kw name="Maximize Browser Window" library="SeleniumLibrary">
<doc>Maximizes current browser window.</doc>
<status status="PASS" starttime="20220318 11:05:20.150" endtime="20220318 11:05:20.152"/>
</kw>
<status status="PASS" starttime="20220318 11:05:08.986" endtime="20220318 11:05:20.152"/>
</kw>
<kw name="Input Text" library="SeleniumLibrary">
<arg>id=txtUsername</arg>
<arg>Admin</arg>
<doc>Types the given ``text`` into the text field identified by ``locator``.</doc>
<msg timestamp="20220318 11:05:20.153" level="INFO">Typing text 'Admin' into text field 'id=txtUsername'.</msg>
<status status="PASS" starttime="20220318 11:05:20.152" endtime="20220318 11:05:20.236"/>
</kw>
<kw name="Input Password" library="SeleniumLibrary">
<arg>id=txtPassword</arg>
<arg>admin123</arg>
<doc>Types the given password into the text field identified by ``locator``.</doc>
<msg timestamp="20220318 11:05:20.237" level="INFO">Typing password into text field 'id=txtPassword'.</msg>
<msg timestamp="20220318 11:05:20.279" level="INFO">Temporally setting log level to: NONE</msg>
<msg timestamp="20220318 11:05:20.331" level="INFO">Log level changed from NONE to INFO.</msg>
<status status="PASS" starttime="20220318 11:05:20.237" endtime="20220318 11:05:20.331"/>
</kw>
<kw name="Click Button" library="SeleniumLibrary">
<arg>id=btnLogin</arg>
<doc>Clicks the button identified by ``locator``.</doc>
<msg timestamp="20220318 11:05:20.332" level="INFO">Clicking button 'id=btnLogin'.</msg>
<status status="PASS" starttime="20220318 11:05:20.332" endtime="20220318 11:05:37.242"/>
</kw>
<kw name="Page Should Contain" library="SeleniumLibrary">
<arg>My Info</arg>
<doc>Verifies that current page contains ``text``.</doc>
<msg timestamp="20220318 11:05:37.275" level="INFO">Current page contains text 'My Info'.</msg>
<status status="PASS" starttime="20220318 11:05:37.243" endtime="20220318 11:05:37.276"/>
</kw>
<kw name="Click Element" library="SeleniumLibrary">
<arg>id=menu_pim_viewMyDetails</arg>
<doc>Click the element identified by ``locator``.</doc>
<msg timestamp="20220318 11:05:37.277" level="INFO">Clicking element 'id=menu_pim_viewMyDetails'.</msg>
<status status="PASS" starttime="20220318 11:05:37.276" endtime="20220318 11:05:39.299"/>
</kw>
<kw name="Click Element" library="SeleniumLibrary">
<arg>id=welcome</arg>
<doc>Click the element identified by ``locator``.</doc>
<msg timestamp="20220318 11:05:39.300" level="INFO">Clicking element 'id=welcome'.</msg>
<status status="PASS" starttime="20220318 11:05:39.300" endtime="20220318 11:05:39.347"/>
</kw>
<kw name="Click Element" library="SeleniumLibrary">
<arg>link=Logout</arg>
<doc>Click the element identified by ``locator``.</doc>
<msg timestamp="20220318 11:05:39.348" level="INFO">Clicking element 'link=Logout'.</msg>
<status status="PASS" starttime="20220318 11:05:39.348" endtime="20220318 11:05:50.519"/>
</kw>
<kw name="Capture Page Screenshot" library="SeleniumLibrary">
<doc>Takes a screenshot of the current page and embeds it into a log file.</doc>
<msg timestamp="20220318 11:05:57.824" level="INFO" html="true">&lt;/td&gt;&lt;/tr&gt;&lt;tr&gt;&lt;td colspan="3"&gt;&lt;a href="screenshot/selenium-screenshot-3.png"&gt;&lt;img src="screenshot/selenium-screenshot-3.png" width="800px"&gt;&lt;/a&gt;</msg>
<status status="PASS" starttime="20220318 11:05:50.519" endtime="20220318 11:05:57.824"/>
</kw>
<kw name="Close Browser" library="SeleniumLibrary" type="TEARDOWN">
<doc>Closes the current browser.</doc>
<status status="PASS" starttime="20220318 11:05:57.825" endtime="20220318 11:06:01.263"/>
</kw>
<status status="PASS" starttime="20220318 11:05:08.984" endtime="20220318 11:06:01.264"/>
</test>
<doc>This suite will handle all the test cases related to valid
cradintial text.Test Case-TC_OH_2</doc>
<status status="PASS" starttime="20220318 11:05:08.737" endtime="20220318 11:06:01.266"/>
</suite>
<statistics>
<total>
<stat pass="1" fail="0" skip="0">All Tests</stat>
</total>
<tag>
</tag>
<suite>
<stat pass="1" fail="0" skip="0" id="s1" name="Verify Vc Suite">Verify Vc Suite</stat>
</suite>
</statistics>
<errors>
<msg timestamp="20220318 11:05:20.148" level="WARN">Keyword 'Set Screenshot Directory' found both from a custom test library 'SeleniumLibrary' and a standard library 'Screenshot'. The custom keyword is used. To select explicitly, and to get rid of this warning, use either 'SeleniumLibrary.Set Screenshot Directory' or 'Screenshot.Set Screenshot Directory'.</msg>
</errors>
</robot>
