<?xml version="1.0" encoding="UTF-8"?>
<robot generator="Robot 4.1.3 (Python 3.10.2 on win32)" generated="20220317 13:59:31.795" rpa="false" schemaversion="2">
<suite id="s1" name="Verify Vc Suite" source="B:\2.L&amp;T Technology Services InternShip\week 6.Robot framework\robot_framework\login_suite\verify_vc_suite.robot">
<test id="s1-t1" name="TC_VC">
<kw name="launch Browser" library="CommonFunctionality" type="SETUP">
<kw name="Open Browser" library="SeleniumLibrary">
<arg>browser=${BROWSER}</arg>
<arg>executable_path=${EXECDIR}${/}driver${/}chromedriver.exe</arg>
<doc>Opens a new browser instance to the optional ``url``.</doc>
<msg timestamp="20220317 13:59:32.025" level="INFO">Opening browser 'chrome' to base url 'None'.</msg>
<status status="PASS" starttime="20220317 13:59:32.025" endtime="20220317 13:59:35.741"/>
</kw>
<kw name="Maximize Browser Window" library="SeleniumLibrary">
<doc>Maximizes current browser window.</doc>
<status status="PASS" starttime="20220317 13:59:35.741" endtime="20220317 13:59:35.865"/>
</kw>
<kw name="Set Selenium Implicit Wait" library="SeleniumLibrary">
<arg>30s</arg>
<doc>Sets the implicit wait value used by Selenium.</doc>
<status status="PASS" starttime="20220317 13:59:35.865" endtime="20220317 13:59:35.865"/>
</kw>
<kw name="Go To" library="SeleniumLibrary">
<arg>url=${URL}</arg>
<doc>Navigates the current browser window to the provided ``url``.</doc>
<msg timestamp="20220317 13:59:35.865" level="INFO">Opening url 'https://opensource-demo.orangehrmlive.com/'</msg>
<status status="PASS" starttime="20220317 13:59:35.865" endtime="20220317 13:59:41.485"/>
</kw>
<kw name="Maximize Browser Window" library="SeleniumLibrary">
<doc>Maximizes current browser window.</doc>
<status status="PASS" starttime="20220317 13:59:41.485" endtime="20220317 13:59:41.487"/>
</kw>
<status status="PASS" starttime="20220317 13:59:32.025" endtime="20220317 13:59:41.487"/>
</kw>
<kw name="Input Text" library="SeleniumLibrary">
<arg>id=txtUsername</arg>
<arg>Admin</arg>
<doc>Types the given ``text`` into the text field identified by ``locator``.</doc>
<msg timestamp="20220317 13:59:41.488" level="INFO">Typing text 'Admin' into text field 'id=txtUsername'.</msg>
<status status="PASS" starttime="20220317 13:59:41.488" endtime="20220317 13:59:41.568"/>
</kw>
<kw name="Input Password" library="SeleniumLibrary">
<arg>id=txtPassword</arg>
<arg>admin123</arg>
<doc>Types the given password into the text field identified by ``locator``.</doc>
<msg timestamp="20220317 13:59:41.568" level="INFO">Typing password into text field 'id=txtPassword'.</msg>
<msg timestamp="20220317 13:59:41.615" level="INFO">Temporally setting log level to: NONE</msg>
<msg timestamp="20220317 13:59:41.655" level="INFO">Log level changed from NONE to INFO.</msg>
<status status="PASS" starttime="20220317 13:59:41.568" endtime="20220317 13:59:41.655"/>
</kw>
<kw name="Click Button" library="SeleniumLibrary">
<arg>id=btnLogin</arg>
<doc>Clicks the button identified by ``locator``.</doc>
<msg timestamp="20220317 13:59:41.655" level="INFO">Clicking button 'id=btnLogin'.</msg>
<status status="PASS" starttime="20220317 13:59:41.655" endtime="20220317 13:59:58.260"/>
</kw>
<kw name="Page Should Contain" library="SeleniumLibrary">
<arg>My Info</arg>
<doc>Verifies that current page contains ``text``.</doc>
<msg timestamp="20220317 13:59:58.325" level="INFO">Current page contains text 'My Info'.</msg>
<status status="PASS" starttime="20220317 13:59:58.262" endtime="20220317 13:59:58.325"/>
</kw>
<kw name="Click Element" library="SeleniumLibrary">
<arg>id=menu_pim_viewMyDetails</arg>
<doc>Click the element identified by ``locator``.</doc>
<msg timestamp="20220317 13:59:58.325" level="INFO">Clicking element 'id=menu_pim_viewMyDetails'.</msg>
<status status="PASS" starttime="20220317 13:59:58.325" endtime="20220317 13:59:59.965"/>
</kw>
<kw name="Click Element" library="SeleniumLibrary">
<arg>id=welcome</arg>
<doc>Click the element identified by ``locator``.</doc>
<msg timestamp="20220317 13:59:59.975" level="INFO">Clicking element 'id=welcome'.</msg>
<status status="PASS" starttime="20220317 13:59:59.965" endtime="20220317 14:00:00.033"/>
</kw>
<kw name="Click Element" library="SeleniumLibrary">
<arg>link=Logout</arg>
<doc>Click the element identified by ``locator``.</doc>
<msg timestamp="20220317 14:00:00.034" level="INFO">Clicking element 'link=Logout'.</msg>
<status status="PASS" starttime="20220317 14:00:00.033" endtime="20220317 14:00:10.355"/>
</kw>
<kw name="Close Browser" library="SeleniumLibrary" type="TEARDOWN">
<doc>Closes the current browser.</doc>
<status status="PASS" starttime="20220317 14:00:10.355" endtime="20220317 14:00:12.505"/>
</kw>
<status status="PASS" starttime="20220317 13:59:32.025" endtime="20220317 14:00:12.505"/>
</test>
<doc>This suite will handle all the test cases related to valid
cradintial text.Test Case-TC_OH_2</doc>
<status status="PASS" starttime="20220317 13:59:31.795" endtime="20220317 14:00:12.505"/>
</suite>
<statistics>
<total>
<stat pass="1" fail="0" skip="0">All Tests</stat>
</total>
<tag>
</tag>
<suite>
<stat pass="1" fail="0" skip="0" id="s1" name="Verify Vc Suite">Verify Vc Suite</stat>
</suite>
</statistics>
<errors>
</errors>
</robot>
